<?xml version="1.0" encoding="UTF-8"?>
<testsuite xmlns:xsi="http://www.w3.org/2001/XMLSchema-instance" xsi:schemaLocation="https://maven.apache.org/surefire/maven-surefire-plugin/xsd/surefire-test-report.xsd" name="TestSuite" time="85.972" tests="6" errors="0" skipped="0" failures="0">
  <properties>
[...]
</properties>
  <testcase name="runScenario" classname="runner.Runner" time="17.265"/>
  <testcase name="runScenario" classname="runner.Runner" time="13.421"/>
  <testcase name="runScenario" classname="runner.Runner" time="12.059"/>
  <testcase name="runScenario" classname="runner.Runner" time="13.974"/>
  <testcase name="runScenario" classname="runner.Runner" time="11.227"/>
  <testcase name="runScenario" classname="runner.Runner" time="12.784"/>
</testsuite>