<?xml version="1.0" encoding="UTF-8"?>
<testng-results ignored="0" total="6" passed="6" failed="0" skipped="0">
  <reporter-output>
  </reporter-output>
  <suite started-at="2022-03-22T14:13:59Z" name="Default suite" finished-at="2022-03-22T14:15:40Z" duration-ms="101308">
    <groups>
      <group name="cucumber">
        <method signature="AbstractTestNGCucumberTests.runScenario(io.cucumber.testng.PickleWrapper, io.cucumber.testng.FeatureWrapper)[pri:0, instance:runner.Runner@7922d892]" name="runScenario" class="io.cucumber.testng.AbstractTestNGCucumberTests"/>
      </group> <!-- cucumber -->
    </groups>
    <test started-at="2022-03-22T14:13:59Z" name="Default test" finished-at="2022-03-22T14:15:40Z" duration-ms="101308">
      <class name="runner.Runner">
        <test-method is-config="true" signature="setUpClass(org.testng.ITestContext)[pri:0, instance:runner.Runner@7922d892]" started-at="2022-03-22T14:13:59Z" name="setUpClass" finished-at="2022-03-22T14:14:04Z" duration-ms="4560" status="PASS">
          <params>
            <param index="0">
              <value>
                <![CDATA[org.testng.TestRunner@45bf93bb]]>
              </value>
            </param>
          </params>
          <reporter-output>
          </reporter-output>
        </test-method> <!-- setUpClass -->
        <test-method signature="runScenario(io.cucumber.testng.PickleWrapper, io.cucumber.testng.FeatureWrapper)[pri:0, instance:runner.Runner@7922d892]" started-at="2022-03-22T14:14:04Z" name="runScenario" description="Runs Cucumber Scenarios" data-provider="scenarios" finished-at="2022-03-22T14:14:32Z" duration-ms="28552" status="PASS">
          <params>
            <param index="0">
              <value>
                <![CDATA["Verify Change Left Title"]]>
              </value>
            </param>
            <param index="1">
              <value>
                <![CDATA["Optional[Activity Feature]"]]>
              </value>
            </param>
          </params>
          <reporter-output>
          </reporter-output>
        </test-method> <!-- runScenario -->
        <test-method signature="runScenario(io.cucumber.testng.PickleWrapper, io.cucumber.testng.FeatureWrapper)[pri:0, instance:runner.Runner@7922d892]" started-at="2022-03-22T14:14:32Z" name="runScenario" description="Runs Cucumber Scenarios" data-provider="scenarios" finished-at="2022-03-22T14:14:48Z" duration-ms="16300" status="PASS">
          <params>
            <param index="0">
              <value>
                <![CDATA["Verify Change Right Title"]]>
              </value>
            </param>
            <param index="1">
              <value>
                <![CDATA["Optional[Activity Feature]"]]>
              </value>
            </param>
          </params>
          <reporter-output>
          </reporter-output>
        </test-method> <!-- runScenario -->
        <test-method signature="runScenario(io.cucumber.testng.PickleWrapper, io.cucumber.testng.FeatureWrapper)[pri:0, instance:runner.Runner@7922d892]" started-at="2022-03-22T14:14:48Z" name="runScenario" description="Runs Cucumber Scenarios" data-provider="scenarios" finished-at="2022-03-22T14:15:01Z" duration-ms="12847" status="PASS">
          <params>
            <param index="0">
              <value>
                <![CDATA["Verify List Dialogs"]]>
              </value>
            </param>
            <param index="1">
              <value>
                <![CDATA["Optional[Alert Dialogs Feature]"]]>
              </value>
            </param>
          </params>
          <reporter-output>
          </reporter-output>
        </test-method> <!-- runScenario -->
        <test-method signature="runScenario(io.cucumber.testng.PickleWrapper, io.cucumber.testng.FeatureWrapper)[pri:0, instance:runner.Runner@7922d892]" started-at="2022-03-22T14:15:01Z" name="runScenario" description="Runs Cucumber Scenarios" data-provider="scenarios" finished-at="2022-03-22T14:15:16Z" duration-ms="14545" status="PASS">
          <params>
            <param index="0">
              <value>
                <![CDATA["Verify Single List Dialogs"]]>
              </value>
            </param>
            <param index="1">
              <value>
                <![CDATA["Optional[Alert Dialogs Feature]"]]>
              </value>
            </param>
          </params>
          <reporter-output>
          </reporter-output>
        </test-method> <!-- runScenario -->
        <test-method signature="runScenario(io.cucumber.testng.PickleWrapper, io.cucumber.testng.FeatureWrapper)[pri:0, instance:runner.Runner@7922d892]" started-at="2022-03-22T14:15:16Z" name="runScenario" description="Runs Cucumber Scenarios" data-provider="scenarios" finished-at="2022-03-22T14:15:28Z" duration-ms="11924" status="PASS">
          <params>
            <param index="0">
              <value>
                <![CDATA["Verify Hiding of buttons"]]>
              </value>
            </param>
            <param index="1">
              <value>
                <![CDATA["Optional[Animation Feature]"]]>
              </value>
            </param>
          </params>
          <reporter-output>
          </reporter-output>
        </test-method> <!-- runScenario -->
        <test-method signature="runScenario(io.cucumber.testng.PickleWrapper, io.cucumber.testng.FeatureWrapper)[pri:0, instance:runner.Runner@7922d892]" started-at="2022-03-22T14:15:28Z" name="runScenario" description="Runs Cucumber Scenarios" data-provider="scenarios" finished-at="2022-03-22T14:15:40Z" duration-ms="12049" status="PASS">
          <params>
            <param index="0">
              <value>
                <![CDATA["Verify Showing of buttons"]]>
              </value>
            </param>
            <param index="1">
              <value>
                <![CDATA["Optional[Animation Feature]"]]>
              </value>
            </param>
          </params>
          <reporter-output>
          </reporter-output>
        </test-method> <!-- runScenario -->
        <test-method is-config="true" signature="tearDownClass()[pri:0, instance:runner.Runner@7922d892]" started-at="2022-03-22T14:15:40Z" name="tearDownClass" finished-at="2022-03-22T14:15:40Z" duration-ms="503" status="PASS">
          <reporter-output>
          </reporter-output>
        </test-method> <!-- tearDownClass -->
      </class> <!-- runner.Runner -->
    </test> <!-- Default test -->
  </suite> <!-- Default suite -->
</testng-results>
